[INFO|9:05:00]: ACR > x360Vision failed Flight (x8) | ping: 41ms, tps: 20 
[INFO|9:15:03]: ACR > x360Vision failed Flight (x16) | ping: 40ms, tps: 20 
[INFO|10:42:48]: ACR > ItsMehTeddy failed Flight (x8) | ping: 125ms, tps: 20 
[INFO|10:44:08]: ACR > ItsMehTeddy failed Speed (x8) | ping: 125ms, tps: 20 
[INFO|10:50:05]: ACR > ItsMehTeddy failed ElytraFly (x8) | ping: 128ms, tps: 20 
[INFO|10:53:26]: ACR > ItsMehTeddy failed Flight (x16) | ping: 125ms, tps: 20 
[INFO|1:40:57]: ACR > Siggi_05 failed Speed (x8) | ping: 147ms, tps: 20 
[INFO|2:31:12]: ACR > Messier16 failed BadPackets (x8) | ping: 74ms, tps: 20 
[INFO|2:31:12]: ACR > Messier16 failed BadPackets (x16) | ping: 74ms, tps: 20 
[INFO|2:31:12]: ACR > Messier16 failed BadPackets (x24) | ping: 74ms, tps: 20 
[INFO|2:31:12]: ACR > Messier16 failed BadPackets (x32) | ping: 74ms, tps: 20 
[INFO|2:31:12]: ACR > Messier16 failed BadPackets (x40) | ping: 74ms, tps: 20 
[INFO|2:31:12]: ACR > Messier16 failed BadPackets (x48) | ping: 74ms, tps: 20 
[INFO|2:33:20]: ACR > Messier16 failed Flight (x8) | ping: 69ms, tps: 20 
[INFO|2:53:19]: ACR > Messier16 failed IllegalInteract (x8) | ping: 302ms, tps: 20 
[INFO|2:53:59]: ACR > Messier16 failed MorePackets (x8) | ping: 444ms, tps: 20 
[INFO|2:55:34]: ACR > Messier16 failed Speed (x8) | ping: 2345ms, tps: 20 
[INFO|2:55:34]: ACR > Messier16 failed MorePackets (x16) | ping: 2345ms, tps: 20 
[INFO|2:57:19]: ACR > Messier16 failed MorePackets (x24) | ping: 85ms, tps: 20 
[INFO|2:57:51]: ACR > Messier16 failed Flight (x16) | ping: 301ms, tps: 20 
[INFO|2:58:03]: ACR > Messier16 failed Flight (x24) | ping: 406ms, tps: 20 
[INFO|3:01:34]: ACR > Messier16 failed MorePackets (x32) | ping: 3196ms, tps: 20 
[INFO|3:10:50]: ACR > Messier16 failed MorePackets (x40) | ping: 69ms, tps: 20 
[INFO|3:13:02]: ACR > Messier16 failed MorePackets (x48) | ping: 4281ms, tps: 20 
[INFO|3:19:32]: ACR > x360Vision failed Flight (x8) | ping: 51ms, tps: 20 
[INFO|3:26:11]: ACR > Messier16 failed MorePackets (x56) | ping: 257ms, tps: 20 
[INFO|8:16:06]: ACR > Agent_Kyler failed Speed (x8) | ping: 76ms, tps: 20 
[INFO|8:23:58]: ACR > x360Vision failed BadPackets (x8) | ping: 70ms, tps: 20 
[INFO|8:23:59]: ACR > x360Vision failed BadPackets (x16) | ping: 70ms, tps: 20 
[INFO|8:24:00]: ACR > x360Vision failed BadPackets (x24) | ping: 70ms, tps: 20 
[INFO|8:24:01]: ACR > x360Vision failed BadPackets (x32) | ping: 70ms, tps: 20 
[INFO|8:24:02]: ACR > x360Vision failed BadPackets (x40) | ping: 70ms, tps: 20 
[INFO|8:24:02]: ACR > x360Vision failed MorePackets (x8) | ping: 70ms, tps: 20 
[INFO|8:54:26]: ACR > Agent_Kyler failed BadPackets (x8) | ping: 70ms, tps: 20 
[INFO|10:09:23]: ACR > Agent_Kyler failed Speed (x16) | ping: 51ms, tps: 20 
[INFO|11:58:40]: ACR > Agent_Kyler failed Speed (x8) | ping: 62ms, tps: 20 
[INFO|12:24:41]: ACR > Agent_Kyler failed Speed (x16) | ping: 65ms, tps: 20 
[INFO|9:06:55]: ACR > Agent_Kyler failed Flight (x8) | ping: 148ms, tps: 20 
[INFO|9:15:39]: ACR > Agent_Kyler failed Speed (x24) | ping: 57ms, tps: 20 
[INFO|2:21:36]: ACR > ItsMehTeddy failed Speed (x8) | ping: 122ms, tps: 20 
[INFO|2:21:38]: ACR > ItsMehTeddy failed Flight (x8) | ping: 122ms, tps: 20 
[INFO|2:21:41]: ACR > ItsMehTeddy failed Speed (x16) | ping: 122ms, tps: 20 
[INFO|2:21:49]: ACR > ItsMehTeddy failed Speed (x24) | ping: 121ms, tps: 20 
[INFO|2:22:44]: ACR > ItsMehTeddy failed BadPackets (x8) | ping: 122ms, tps: 20 
[INFO|2:22:44]: ACR > ItsMehTeddy failed MorePackets (x8) | ping: 122ms, tps: 20 
[INFO|2:22:44]: ACR > ItsMehTeddy failed BadPackets (x16) | ping: 122ms, tps: 20 
[INFO|2:22:44]: ACR > ItsMehTeddy failed MorePackets (x16) | ping: 122ms, tps: 18.5 
[INFO|2:39:49]: ACR > Messier16 failed MorePackets (x8) | ping: 68ms, tps: 20 
[INFO|2:39:49]: ACR > Messier16 failed BadPackets (x8) | ping: 68ms, tps: 20 
[INFO|2:39:49]: ACR > Messier16 failed BadPackets (x16) | ping: 68ms, tps: 20 
[INFO|2:39:49]: ACR > Messier16 failed MorePackets (x16) | ping: 68ms, tps: 20 
[INFO|2:39:49]: ACR > Messier16 failed BadPackets (x24) | ping: 68ms, tps: 20 
[INFO|2:46:58]: ACR > Messier16 failed FastHeal (x8) | ping: 196ms, tps: 20 
[INFO|3:38:02]: ACR > Messier16 failed Speed (x8) | ping: 69ms, tps: 20 
[INFO|6:18:19]: ACR > Messier16 failed MorePackets (x8) | ping: 87ms, tps: 20 
[INFO|6:18:19]: ACR > Messier16 failed BadPackets (x8) | ping: 87ms, tps: 20 
[INFO|6:18:19]: ACR > Messier16 failed MorePackets (x16) | ping: 87ms, tps: 20 
[INFO|6:18:19]: ACR > Messier16 failed MorePackets (x24) | ping: 87ms, tps: 20 
[INFO|8:07:29]: ACR > BrenTheGoat failed BadPackets (x8) | ping: 0ms, tps: 20 
[INFO|8:07:29]: ACR > BrenTheGoat failed BadPackets (x16) | ping: 0ms, tps: 20 
[INFO|8:07:29]: ACR > BrenTheGoat failed MorePackets (x8) | ping: 0ms, tps: 20 
[INFO|8:07:29]: ACR > BrenTheGoat failed BadPackets (x24) | ping: 0ms, tps: 20 
[INFO|8:07:29]: ACR > BrenTheGoat failed BadPackets (x32) | ping: 0ms, tps: 20 
[INFO|8:07:29]: ACR > BrenTheGoat failed MorePackets (x16) | ping: 0ms, tps: 20 
[INFO|8:07:29]: ACR > BrenTheGoat failed BadPackets (x40) | ping: 0ms, tps: 20 
[INFO|8:07:29]: ACR > BrenTheGoat failed MorePackets (x24) | ping: 128ms, tps: 20 
[INFO|8:07:29]: ACR > BrenTheGoat failed MorePackets (x32) | ping: 128ms, tps: 20 
[INFO|8:07:29]: ACR > BrenTheGoat failed MorePackets (x40) | ping: 128ms, tps: 20 
[INFO|8:07:58]: ACR > BrenTheGoat failed MorePackets (x48) | ping: 48ms, tps: 20 
[INFO|8:08:12]: ACR > BrenTheGoat failed Speed (x8) | ping: 36ms, tps: 20 
[INFO|8:08:45]: ACR > BrenTheGoat failed Speed (x16) | ping: 47ms, tps: 20 
[INFO|8:08:57]: ACR > BrenTheGoat failed Speed (x24) | ping: 47ms, tps: 20 
[INFO|8:08:58]: ACR > BrenTheGoat failed Flight (x8) | ping: 47ms, tps: 20 
[INFO|8:09:03]: ACR > BrenTheGoat failed Speed (x32) | ping: 77ms, tps: 20 
[INFO|8:10:16]: ACR > BrenTheGoat failed MorePackets (x56) | ping: 56ms, tps: 20 
[INFO|8:10:16]: ACR > BrenTheGoat failed BadPackets (x48) | ping: 56ms, tps: 20 
[INFO|8:10:16]: ACR > BrenTheGoat failed BadPackets (x56) | ping: 56ms, tps: 20 
[INFO|8:10:16]: ACR > BrenTheGoat failed MorePackets (x64) | ping: 56ms, tps: 20 
[INFO|8:11:00]: ACR > BrenTheGoat failed BadPackets (x64) | ping: 64ms, tps: 20 
[INFO|8:11:00]: ACR > BrenTheGoat failed BadPackets (x72) | ping: 64ms, tps: 20 
[INFO|8:11:00]: ACR > BrenTheGoat failed BadPackets (x80) | ping: 64ms, tps: 20 
[INFO|8:11:00]: ACR > BrenTheGoat failed MorePackets (x72) | ping: 64ms, tps: 20 
[INFO|8:11:00]: ACR > BrenTheGoat failed BadPackets (x88) | ping: 64ms, tps: 20 
[INFO|8:11:00]: ACR > BrenTheGoat failed BadPackets (x96) | ping: 64ms, tps: 20 
[INFO|8:11:00]: ACR > BrenTheGoat failed MorePackets (x80) | ping: 64ms, tps: 20 
[INFO|8:11:00]: ACR > BrenTheGoat failed BadPackets (x104) | ping: 844ms, tps: 20 
[INFO|8:11:00]: ACR > BrenTheGoat was kicked for cheating (BadPackets) 
[INFO|8:11:06]: ACR > BrenTheGoat failed Speed (x40) | ping: 0ms, tps: 20 
[INFO|8:11:06]: ACR > BrenTheGoat failed MorePackets (x88) | ping: 0ms, tps: 20 
[INFO|8:11:06]: ACR > BrenTheGoat failed BadPackets (x112) | ping: 0ms, tps: 20 
[INFO|8:11:06]: ACR > BrenTheGoat failed BadPackets (x120) | ping: 0ms, tps: 20 
[INFO|8:11:06]: ACR > BrenTheGoat failed MorePackets (x96) | ping: 0ms, tps: 20 
[INFO|8:11:06]: ACR > BrenTheGoat failed BadPackets (x128) | ping: 0ms, tps: 20 
[INFO|8:11:06]: ACR > BrenTheGoat failed MorePackets (x104) | ping: 0ms, tps: 20 
[INFO|8:11:06]: ACR > BrenTheGoat was kicked for cheating (MorePackets) 
[INFO|8:15:47]: ACR > BrenTheGoat failed MorePackets (x112) | ping: 4082ms, tps: 20 
[INFO|8:15:47]: ACR > BrenTheGoat failed MorePackets (x120) | ping: 4082ms, tps: 20 
[INFO|8:15:47]: ACR > BrenTheGoat failed BadPackets (x136) | ping: 4082ms, tps: 20 
[INFO|8:15:47]: ACR > BrenTheGoat failed MorePackets (x128) | ping: 4082ms, tps: 20 
[INFO|8:15:47]: ACR > SpaceTraderTater failed MorePackets (x8) | ping: 53ms, tps: 20 
[INFO|8:15:47]: ACR > SpaceTraderTater failed BadPackets (x8) | ping: 53ms, tps: 20 
[INFO|8:15:47]: ACR > BrenTheGoat was kicked for cheating (MorePackets) 
[INFO|8:18:16]: ACR > BrenTheGoat failed Flight (x16) | ping: 36ms, tps: 20 
[INFO|8:18:17]: ACR > BrenTheGoat was kicked for cheating (Flight) 
[INFO|8:28:10]: ACR > Latch93 failed BadPackets (x8) | ping: 6ms, tps: 20 
[INFO|8:28:10]: ACR > Latch93 failed MorePackets (x8) | ping: 6ms, tps: 20 
[INFO|8:31:04]: ACR > SpaceTraderTater failed BadPackets (x16) | ping: 52ms, tps: 20 
[INFO|8:33:35]: ACR > Weston714 failed Speed (x8) | ping: 31ms, tps: 20 
[INFO|8:33:44]: ACR > SpaceTraderTater failed BadPackets (x24) | ping: 50ms, tps: 20 
[INFO|8:33:44]: ACR > SpaceTraderTater failed MorePackets (x16) | ping: 50ms, tps: 20 
[INFO|8:33:44]: ACR > SpaceTraderTater failed BadPackets (x32) | ping: 50ms, tps: 20 
[INFO|8:33:44]: ACR > SpaceTraderTater failed BadPackets (x40) | ping: 50ms, tps: 20 
[INFO|8:33:44]: ACR > SpaceTraderTater failed MorePackets (x24) | ping: 50ms, tps: 20 
[INFO|8:33:44]: ACR > SpaceTraderTater failed MorePackets (x32) | ping: 50ms, tps: 20 
[INFO|8:33:44]: ACR > SpaceTraderTater failed BadPackets (x48) | ping: 50ms, tps: 20 
[INFO|8:33:44]: ACR > SpaceTraderTater failed MorePackets (x40) | ping: 50ms, tps: 20 
[INFO|8:33:44]: ACR > SpaceTraderTater failed MorePackets (x48) | ping: 50ms, tps: 20 
[INFO|8:33:44]: ACR > SpaceTraderTater failed MorePackets (x56) | ping: 50ms, tps: 20 
[INFO|8:35:50]: ACR > Weston714 failed Speed (x16) | ping: 36ms, tps: 20 
[INFO|8:36:13]: ACR > SpaceTraderTater failed BadPackets (x56) | ping: 50ms, tps: 20 
[INFO|8:36:13]: ACR > SpaceTraderTater failed BadPackets (x64) | ping: 50ms, tps: 20 
[INFO|8:36:13]: ACR > SpaceTraderTater failed MorePackets (x64) | ping: 50ms, tps: 20 
[INFO|8:36:13]: ACR > SpaceTraderTater failed BadPackets (x72) | ping: 50ms, tps: 20 
[INFO|8:36:13]: ACR > SpaceTraderTater failed BadPackets (x80) | ping: 50ms, tps: 20 
[INFO|8:36:13]: ACR > Weston714 failed MorePackets (x8) | ping: 36ms, tps: 20 
[INFO|8:36:13]: ACR > Weston714 failed MorePackets (x16) | ping: 36ms, tps: 20 
[INFO|8:36:13]: ACR > SpaceTraderTater failed MorePackets (x72) | ping: 50ms, tps: 20 
[INFO|8:36:13]: ACR > SpaceTraderTater failed MorePackets (x80) | ping: 50ms, tps: 20 
[INFO|8:36:18]: ACR > SpaceTraderTater failed Speed (x8) | ping: 50ms, tps: 20 
[INFO|8:36:18]: ACR > SpaceTraderTater failed BadPackets (x88) | ping: 50ms, tps: 20 
[INFO|8:36:18]: ACR > SpaceTraderTater failed BadPackets (x96) | ping: 50ms, tps: 20 
[INFO|8:36:18]: ACR > SpaceTraderTater failed MorePackets (x88) | ping: 50ms, tps: 20 
[INFO|8:36:18]: ACR > SpaceTraderTater failed BadPackets (x104) | ping: 50ms, tps: 20 
[INFO|8:38:19]: ACR > Weston714 failed MorePackets (x24) | ping: 32ms, tps: 20 
[INFO|8:38:19]: ACR > Weston714 failed BadPackets (x8) | ping: 32ms, tps: 20 
[INFO|8:38:43]: ACR > BrenTheGoat failed BadPackets (x144) | ping: 36ms, tps: 20 
[INFO|8:39:19]: ACR > BrenTheGoat failed BadPackets (x152) | ping: 0ms, tps: 20 
[INFO|8:39:20]: ACR > BrenTheGoat failed BadPackets (x160) | ping: 0ms, tps: 20 
[INFO|8:39:21]: ACR > BrenTheGoat failed BadPackets (x168) | ping: 0ms, tps: 20 
[INFO|8:39:22]: ACR > BrenTheGoat failed BadPackets (x176) | ping: 0ms, tps: 20 
[INFO|8:39:33]: ACR > BrenTheGoat was kicked for cheating (BadPackets) 
[INFO|8:39:42]: ACR > Weston714 failed BadPackets (x16) | ping: 3415ms, tps: 20 
[INFO|8:39:42]: ACR > Weston714 failed BadPackets (x24) | ping: 3415ms, tps: 20 
[INFO|8:39:42]: ACR > Weston714 failed BadPackets (x32) | ping: 3415ms, tps: 20 
[INFO|8:39:42]: ACR > Weston714 failed MorePackets (x32) | ping: 3415ms, tps: 20 
[INFO|8:39:42]: ACR > Weston714 failed BadPackets (x40) | ping: 3415ms, tps: 20 
[INFO|8:39:42]: ACR > Weston714 failed BadPackets (x48) | ping: 3415ms, tps: 20 
[INFO|8:39:42]: ACR > Weston714 failed MorePackets (x40) | ping: 3415ms, tps: 20 
[INFO|8:39:42]: ACR > Weston714 failed BadPackets (x56) | ping: 3415ms, tps: 20 
[INFO|8:39:42]: ACR > Weston714 failed BadPackets (x64) | ping: 3415ms, tps: 20 
[INFO|8:39:42]: ACR > Weston714 failed MorePackets (x48) | ping: 3415ms, tps: 20 
[INFO|8:39:42]: ACR > Weston714 failed MorePackets (x56) | ping: 3415ms, tps: 20 
[INFO|8:39:42]: ACR > Weston714 failed MorePackets (x64) | ping: 3415ms, tps: 20 
[INFO|8:39:42]: ACR > Weston714 failed MorePackets (x72) | ping: 3415ms, tps: 20 
[INFO|8:39:42]: ACR > Weston714 failed MorePackets (x80) | ping: 3415ms, tps: 20 
[INFO|8:39:44]: ACR > BrenTheGoat failed BadPackets (x184) | ping: 0ms, tps: 20 
[INFO|8:39:44]: ACR > BrenTheGoat was kicked for cheating (BadPackets) 
[INFO|8:39:55]: ACR > Weston714 failed BadPackets (x72) | ping: 32ms, tps: 20 
[INFO|8:39:59]: ACR > SpaceTraderTater failed MorePackets (x96) | ping: 1298ms, tps: 20 
[INFO|8:39:59]: ACR > SpaceTraderTater failed BadPackets (x112) | ping: 1298ms, tps: 20 
[INFO|8:39:59]: ACR > SpaceTraderTater failed BadPackets (x120) | ping: 1298ms, tps: 20 
[INFO|8:39:59]: ACR > SpaceTraderTater failed MorePackets (x104) | ping: 1298ms, tps: 20 
[INFO|8:39:59]: ACR > SpaceTraderTater was kicked for cheating (BadPackets) 
[INFO|8:40:08]: ACR > Weston714 failed Speed (x24) | ping: 32ms, tps: 20 
[INFO|8:40:08]: ACR > Weston714 failed BadPackets (x80) | ping: 32ms, tps: 20 
[INFO|8:40:08]: ACR > Weston714 failed MorePackets (x88) | ping: 32ms, tps: 20 
[INFO|8:40:08]: ACR > Weston714 failed BadPackets (x88) | ping: 32ms, tps: 20 
[INFO|8:40:08]: ACR > Weston714 failed BadPackets (x96) | ping: 32ms, tps: 20 
[INFO|8:40:08]: ACR > Weston714 failed MorePackets (x96) | ping: 32ms, tps: 20 
[INFO|8:40:08]: ACR > Weston714 failed BadPackets (x104) | ping: 32ms, tps: 20 
[INFO|8:40:08]: ACR > Weston714 failed BadPackets (x112) | ping: 32ms, tps: 20 
[INFO|8:40:08]: ACR > Weston714 failed MorePackets (x104) | ping: 32ms, tps: 20 
[INFO|8:40:08]: ACR > Weston714 was kicked for cheating (BadPackets) 
[INFO|8:40:12]: ACR > SpaceTraderTater was kicked for cheating (BadPackets) 
[INFO|10:22:54]: ACR > Latch93 failed BadPackets (x8) | ping: 5ms, tps: 20 
[INFO|10:22:54]: ACR > Latch93 failed BadPackets (x16) | ping: 5ms, tps: 20 
[INFO|3:28:41]: ACR > Latch93 failed BadPackets (x8) | ping: 1ms, tps: 20 
